SF:C:\Users\gawangau\source\GIT repo\DS-Algo\DataStructures\LinkedList\LinkedlistNode.cs
FN:4,T LinkedList.LinkedListNode`1::get_Data()
FNDA:85,T LinkedList.LinkedListNode`1::get_Data()
DA:5,85
FN:6,LinkedList.LinkedListNode`1<T> LinkedList.LinkedListNode`1::get_NextNode()
FNDA:249,LinkedList.LinkedListNode`1<T> LinkedList.LinkedListNode`1::get_NextNode()
DA:7,249
FN:8,System.Void LinkedList.LinkedListNode`1::.ctor(T)
FNDA:48,System.Void LinkedList.LinkedListNode`1::.ctor(T)
DA:9,48
DA:10,48
DA:11,48
DA:12,48
DA:13,48
LF:7
LH:7
BRF:0
BRH:0
FNF:3
FNH:3
end_of_record
SF:C:\Users\gawangau\source\GIT repo\DS-Algo\DataStructures\LinkedList\Program.cs
FN:7,System.Void LinkedList.Program::Main(System.String[])
FNDA:0,System.Void LinkedList.Program::Main(System.String[])
DA:8,0
DA:9,0
DA:10,0
LF:3
LH:0
BRF:0
BRH:0
FNF:1
FNH:0
end_of_record
SF:C:\Users\gawangau\source\GIT repo\DS-Algo\DataStructures\LinkedList\SinglyLinkedList.cs
FN:17,System.Void LinkedList.SinglyLinkedList`1::InsertAtBeginning(T)
FNDA:8,System.Void LinkedList.SinglyLinkedList`1::InsertAtBeginning(T)
DA:18,8
DA:19,8
DA:20,8
DA:21,3
DA:22,3
DA:23,3
DA:25,5
DA:26,5
DA:27,5
DA:28,5
DA:29,8
BRDA:20,19,0,3
BRDA:20,19,1,5
FN:31,System.Void LinkedList.SinglyLinkedList`1::InsertAtEnd(T)
FNDA:38,System.Void LinkedList.SinglyLinkedList`1::InsertAtEnd(T)
DA:32,38
DA:33,38
DA:34,38
DA:35,9
DA:36,9
DA:37,9
DA:39,29
DA:40,29
DA:41,69
DA:42,40
DA:43,40
DA:44,40
DA:46,29
DA:47,29
DA:48,38
BRDA:34,19,0,9
BRDA:34,19,1,29
BRDA:41,62,1,40
BRDA:41,62,0,29
FN:50,System.Void LinkedList.SinglyLinkedList`1::InsertAfterPosition(System.Int32,T)
FNDA:3,System.Void LinkedList.SinglyLinkedList`1::InsertAfterPosition(System.Int32,T)
DA:51,3
DA:52,3
DA:53,1
DA:54,1
DA:55,1
DA:58,2
DA:59,1
DA:60,1
DA:61,1
DA:63,1
DA:64,1
DA:65,1
DA:67,2
DA:68,1
DA:69,1
DA:70,1
DA:71,1
DA:72,1
DA:73,1
DA:74,1
DA:75,1
DA:77,1
DA:78,1
DA:79,3
BRDA:52,12,0,1
BRDA:52,12,1,2
BRDA:58,35,0,1
BRDA:58,35,1,1
BRDA:67,82,1,1
BRDA:67,82,0,1
FN:81,LinkedList.LinkedListNode`1<T> LinkedList.SinglyLinkedList`1::DeleteAtBeginning()
FNDA:2,LinkedList.LinkedListNode`1<T> LinkedList.SinglyLinkedList`1::DeleteAtBeginning()
DA:82,2
DA:83,4
DA:85,1
DA:86,1
DA:88,1
DA:89,1
DA:90,2
BRDA:83,12,0,1
BRDA:83,12,1,1
FN:92,LinkedList.LinkedListNode`1<T> LinkedList.SinglyLinkedList`1::DeleteFromEnd()
FNDA:1,LinkedList.LinkedListNode`1<T> LinkedList.SinglyLinkedList`1::DeleteFromEnd()
DA:93,1
DA:94,0
DA:95,1
DA:96,1
DA:98,5
DA:99,4
DA:100,4
DA:101,4
DA:102,4
DA:104,1
DA:105,1
DA:106,1
DA:107,1
BRDA:94,12,0,0
BRDA:94,12,1,1
BRDA:98,53,1,4
BRDA:98,53,0,1
FN:109,System.Void LinkedList.SinglyLinkedList`1::DeleteAll()
FNDA:1,System.Void LinkedList.SinglyLinkedList`1::DeleteAll()
DA:110,1
DA:111,1
DA:112,1
FN:114,LinkedList.LinkedListNode`1<T> LinkedList.SinglyLinkedList`1::DeleteFromPosition(System.Int32)
FNDA:3,LinkedList.LinkedListNode`1<T> LinkedList.SinglyLinkedList`1::DeleteFromPosition(System.Int32)
DA:115,3
DA:116,4
DA:118,3
DA:119,2
DA:120,1
DA:121,1
DA:122,1
DA:125,1
DA:126,1
DA:127,1
DA:129,2
DA:130,1
DA:131,1
DA:132,1
DA:133,1
DA:134,1
DA:136,1
DA:137,1
DA:138,1
DA:139,3
BRDA:116,12,0,1
BRDA:116,12,1,2
BRDA:118,27,0,1
BRDA:118,27,1,2
BRDA:119,40,0,1
BRDA:119,40,1,1
BRDA:129,106,1,1
BRDA:129,106,0,1
FN:141,System.Boolean LinkedList.SinglyLinkedList`1::Contains(T)
FNDA:2,System.Boolean LinkedList.SinglyLinkedList`1::Contains(T)
DA:142,2
DA:143,2
DA:144,4
DA:145,3
DA:146,3
DA:147,1
DA:148,1
DA:150,2
DA:151,2
DA:153,1
DA:154,2
BRDA:144,62,1,3
BRDA:146,39,0,1
BRDA:146,39,1,2
BRDA:144,62,0,1
FN:156,System.String LinkedList.SinglyLinkedList`1::ToString()
FNDA:14,System.String LinkedList.SinglyLinkedList`1::ToString()
DA:157,14
DA:158,17
DA:159,11
DA:160,101
DA:161,34
DA:162,34
DA:163,23
DA:164,34
DA:165,34
DA:167,11
DA:168,14
BRDA:158,12,0,3
BRDA:158,12,1,11
BRDA:160,95,1,34
BRDA:162,60,0,23
BRDA:162,60,1,34
BRDA:160,95,0,11
FN:170,System.Collections.IEnumerator LinkedList.SinglyLinkedList`1::System.Collections.IEnumerable.GetEnumerator()
FNDA:0,System.Collections.IEnumerator LinkedList.SinglyLinkedList`1::System.Collections.IEnumerable.GetEnumerator()
DA:171,0
DA:172,0
DA:173,0
FN:11,System.Void LinkedList.SinglyLinkedList`1::.ctor()
FNDA:16,System.Void LinkedList.SinglyLinkedList`1::.ctor()
DA:12,16
DA:13,16
DA:14,16
DA:15,16
FN:175,System.Boolean LinkedList.SinglyLinkedList`1/<GetEnumerator>d__12::MoveNext()
FNDA:11,System.Boolean LinkedList.SinglyLinkedList`1/<GetEnumerator>d__12::MoveNext()
DA:176,11
DA:177,11
DA:178,45
DA:179,34
DA:180,34
DA:181,34
DA:182,34
DA:183,11
BRDA:176,14,0,0
BRDA:178,114,1,34
BRDA:176,14,1,34
BRDA:178,114,0,11
LF:130
LH:126
BRF:40
BRH:38
FNF:12
FNH:11
end_of_record
SF:C:\Users\gawangau\source\GIT repo\DS-Algo\DataStructures\Queue\Queue\Program.cs
FN:9,System.Void Queue.Program::Main()
FNDA:0,System.Void Queue.Program::Main()
DA:10,0
DA:12,0
LF:2
LH:0
BRF:0
BRH:0
FNF:1
FNH:0
end_of_record
SF:C:\Users\gawangau\source\GIT repo\DS-Algo\DataStructures\Queue\Queue\Queue.cs
FN:9,System.Int32 Queue.Queue`1::get_Size()
FNDA:23,System.Int32 Queue.Queue`1::get_Size()
DA:10,23
FN:11,System.Int32 Queue.Queue`1::get_Length()
FNDA:9,System.Int32 Queue.Queue`1::get_Length()
DA:12,9
FN:14,System.Int32 Queue.Queue`1::GetLength()
FNDA:9,System.Int32 Queue.Queue`1::GetLength()
DA:15,9
DA:16,10
DA:17,8
DA:18,9
BRDA:16,9,0,1
BRDA:16,9,1,8
FN:27,System.Boolean Queue.Queue`1::IsEmpty()
FNDA:13,System.Boolean Queue.Queue`1::IsEmpty()
DA:28,13
DA:29,13
DA:30,13
FN:32,System.Boolean Queue.Queue`1::IsFull()
FNDA:21,System.Boolean Queue.Queue`1::IsFull()
DA:33,21
DA:34,21
DA:35,21
FN:37,System.Void Queue.Queue`1::Enqueue(T)
FNDA:21,System.Void Queue.Queue`1::Enqueue(T)
DA:38,21
DA:39,21
DA:40,1
DA:41,1
DA:44,26
DA:46,20
DA:47,20
DA:48,20
BRDA:39,9,0,1
BRDA:39,9,1,20
BRDA:44,34,0,6
BRDA:44,34,1,20
FN:50,T Queue.Queue`1::Dequeue()
FNDA:2,T Queue.Queue`1::Dequeue()
DA:51,2
DA:52,2
DA:53,1
DA:54,1
DA:57,1
DA:58,1
DA:60,1
DA:61,1
BRDA:52,9,0,1
BRDA:52,9,1,1
FN:63,System.Void Queue.Queue`1::Clear()
FNDA:1,System.Void Queue.Queue`1::Clear()
DA:64,1
DA:65,1
DA:66,1
DA:67,1
DA:68,1
FN:70,System.Boolean Queue.Queue`1::Contains(T)
FNDA:2,System.Boolean Queue.Queue`1::Contains(T)
DA:71,2
DA:72,0
DA:73,14
DA:74,6
DA:75,6
DA:76,1
DA:77,1
DA:79,5
DA:81,1
DA:82,2
BRDA:72,9,0,0
BRDA:72,9,1,2
BRDA:73,78,1,6
BRDA:75,53,0,1
BRDA:75,53,1,5
BRDA:73,78,0,1
FN:19,System.Void Queue.Queue`1::.ctor(System.Int32)
FNDA:8,System.Void Queue.Queue`1::.ctor(System.Int32)
DA:20,8
DA:21,8
DA:22,8
DA:23,8
DA:24,8
DA:25,8
LF:49
LH:48
BRF:14
BRH:13
FNF:10
FNH:10
end_of_record